[aviola.netlify.app/index.html]
[backblue.gif]
[fade.gif]
[index.html]
[aviola.netlify.app/img/core-img/favicon.ico]
[aviola.netlify.app/css/responsive.css]
[aviola.netlify.app/css/style.css]
[aviola.netlify.app/img/core-img/logo.png]
[aviola.netlify.app/about-us.html]
[aviola.netlify.app/services.html]
[aviola.netlify.app/faq.html]
[aviola.netlify.app/pricing.html]
[aviola.netlify.app/contact-us.html]
[aviola.netlify.app/img/core-img/banner.png]
[aviola.netlify.app/img/partners/1.png]
[aviola.netlify.app/img/partners/2.png]
[aviola.netlify.app/img/partners/3.png]
[aviola.netlify.app/img/partners/4.png]
[aviola.netlify.app/img/partners/5.png]
[aviola.netlify.app/img/partners/6.png]
[aviola.netlify.app/img/icons/s1.png]
[aviola.netlify.app/img/icons/s2.png]
[aviola.netlify.app/img/icons/s3.png]
[aviola.netlify.app/img/core-img/about.png]
[aviola.netlify.app/img/core-img/about1.png]
[aviola.netlify.app/img/core-img/about2.png]
[aviola.netlify.app/img/core-img/trial.png]
[aviola.netlify.app/img/icons/h1.png]
[aviola.netlify.app/img/icons/h2.png]
[aviola.netlify.app/img/icons/h3.png]
[aviola.netlify.app/img/core-img/about3.png]
[aviola.netlify.app/img/svg/1.svg]
[aviola.netlify.app/img/svg/2.svg]
[aviola.netlify.app/img/svg/3.svg]
[aviola.netlify.app/img/test-img/1.jpg]
[aviola.netlify.app/img/test-img/2.jpg]
[aviola.netlify.app/img/test-img/3.jpg]
[aviola.netlify.app/img/core-img/pattern.png]
[aviola.netlify.app/js/jquery.min.js]
[aviola.netlify.app/js/popper.min.js]
[aviola.netlify.app/js/bootstrap.min.js]
[aviola.netlify.app/js/dzsparallaxer.js]
[aviola.netlify.app/js/jquery.syotimer.min.js]
[aviola.netlify.app/js/plugins.js]
[aviola.netlify.app/index.html]
[aviola.netlify.app/js/script.js]
[aviola.netlify.app/css/animate.css]
[aviola.netlify.app/css/bootstrap.min.css]
[aviola.netlify.app/css/about-sonar.css]
[aviola.netlify.app/css/classy-nav.min.css]
[aviola.netlify.app/css/dzsparallaxer.css]
[aviola.netlify.app/css/owl.carousel.min.css]
[aviola.netlify.app/css/magnific-popup.css]
[aviola.netlify.app/css/animated-headline.css]
[aviola.netlify.app/css/font-awesome.min.css]
[aviola.netlify.app/css/font-icons.css]
[aviola.netlify.app/css/cryptocoins.css]
[aviola.netlify.app/css/themify-icons.css]
[aviola.netlify.app/img/core-img/shape1.png]
[aviola.netlify.app/img/svg/bg-header1.svg]
[aviola.netlify.app/img/bg-img/travel-bg.png]
[aviola.netlify.app/img/svg/diamond-shape.svg]
[aviola.netlify.app/img/bg-img/header2.jpg]
[aviola.netlify.app/img/bg-img/header4.png]
[aviola.netlify.app/img/bg-img/demo-bg.png]
[aviola.netlify.app/img/bg-img/header5.jpg]
[aviola.netlify.app/img/bg-img/header2.png]
[aviola.netlify.app/img/bg-img/ai1.png]
[aviola.netlify.app/img/bg-img/ai2.png]
[aviola.netlify.app/img/bg-img/h-sec.jpg]
[aviola.netlify.app/img/core-img/demo-before.png]
[aviola.netlify.app/img/svg/bg_hero.svg]
[aviola.netlify.app/img/svg/bg_hero1.svg]
[aviola.netlify.app/img/svg/bg_hero2.svg]
[aviola.netlify.app/img/bg-img/header3.png]
[aviola.netlify.app/img/bg-img/banner-bg.jpg]
[aviola.netlify.app/img/bg-img/tringle.png]
[aviola.netlify.app/img/bg-img/trans.png]
[aviola.netlify.app/img/core-img/hero-bg.png]
[aviola.netlify.app/img/core-img/robot-1.png]
[aviola.netlify.app/img/core-img/robot-2.png]
[aviola.netlify.app/img/svg/head-bg-1.svg]
[aviola.netlify.app/img/bg-img/header-1.png]
[aviola.netlify.app/img/core-img/video-btn-bg.png]
[aviola.netlify.app/img/svg/benefits-bg.svg]
[aviola.netlify.app/img/svg/hex-pattern.svg]
[aviola.netlify.app/img/core-img/about-1.png]
[aviola.netlify.app/img/core-img/faq.png]
[aviola.netlify.app/img/core-img/saas4.png]
[aviola.netlify.app/img/core-img/travel.png]
[aviola.netlify.app/img/core-img/pizza-header.png]
[aviola.netlify.app/css/video/video-frame.PNG]
[aviola.netlify.app/img/svg/section-bg.svg]
[aviola.netlify.app/img/bg-img/section-bg.png]
[aviola.netlify.app/img/bg-img/header6.jpg]
[aviola.netlify.app/img/bg-img/about-sec.jpg]
[aviola.netlify.app/img/bg-img/trial-bg.png]
[aviola.netlify.app/img/svg/ai-illustration.5e.delayed]
[aviola.netlify.app/img/bg-img/bread-bg.png]
[aviola.netlify.app/img/svg/checkmark.svg]
[aviola.netlify.app/img/core-img/cards-bg.png]
[aviola.netlify.app/img/core-img/wave-shap.62.delayed]
[aviola.netlify.app/img/bg-img/footer-bg.png]
[aviola.netlify.app/img/svg/download-bg2.svg]
[aviola.netlify.app/img/svg/download-bg3.svg]
[aviola.netlify.app/img/svg/pdf.svg]
[aviola.netlify.app/img/svg/view.svg]
[aviola.netlify.app/css/style.css]
[aviola.netlify.app/css/responsive.css]
[aviola.netlify.app/about-us.html]
[aviola.netlify.app/services.html]
[aviola.netlify.app/faq.html]
[aviola.netlify.app/pricing.html]
[aviola.netlify.app/contact-us.html]
[aviola.netlify.app/img/svg/1.svg]
[aviola.netlify.app/img/svg/2.svg]
[aviola.netlify.app/img/svg/3.svg]
[aviola.netlify.app/img/core-img/pattern.html]
[aviola.netlify.app/css/bootstrap.min.css]
[aviola.netlify.app/css/animate.css]
[aviola.netlify.app/css/about-sonar.html]
[aviola.netlify.app/fonts/classycb9bcb9b.eot]
[aviola.netlify.app/fonts/classycb9bcb9b.ttf]
[aviola.netlify.app/fonts/classycb9bcb9b.woff]
[aviola.netlify.app/css/classy-nav.min.css]
[aviola.netlify.app/css/img/grey_wash_wall.html]
[aviola.netlify.app/css/img/fog_clouds_png_by_paradise234-d5czivb.html]
[aviola.netlify.app/css/dzsparallaxer.css]
[aviola.netlify.app/css/owl.video.play.html]
[aviola.netlify.app/css/owl.carousel.min.css]
[aviola.netlify.app/css/magnific-popup.css]
[aviola.netlify.app/css/animated-headline.css]
[aviola.netlify.app/fonts/fontawesome-webfont3e6e3e6e.woff2]
[aviola.netlify.app/fonts/fontawesome-webfont3e6e3e6e.eot]
[aviola.netlify.app/fonts/fontawesome-webfontd41dd41d.eot]
[aviola.netlify.app/fonts/fontawesome-webfont3e6e3e6e.ttf]
[aviola.netlify.app/css/font-awesome.min.css]
[aviola.netlify.app/fonts/ui-iconsdc9c.eot]
[aviola.netlify.app/fonts/fontawesome-webfont3e6e3e6e.woff]
[aviola.netlify.app/fonts/ui-iconsdc9c.woff2]
[aviola.netlify.app/fonts/ui-iconsdc9c.woff]
[aviola.netlify.app/fonts/ui-iconsdc9c.ttf]
[aviola.netlify.app/fonts/fontawesome-webfont3e6e3e6e.svg]
[aviola.netlify.app/fonts/ui-iconsdc9c.svg]
[aviola.netlify.app/css/font-icons.css]
[aviola.netlify.app/fonts/cryptocoins.woff2]
[aviola.netlify.app/fonts/cryptocoins.ttf]
[aviola.netlify.app/css/cryptocoins.css]
[aviola.netlify.app/fonts/cryptocoins.woff]
[aviola.netlify.app/fonts/themify9f249f24.eot]
[aviola.netlify.app/fonts/themifyd41dd41d.eot]
[aviola.netlify.app/fonts/themify9f249f24.woff]
[aviola.netlify.app/fonts/themify9f249f24.ttf]
[aviola.netlify.app/css/themify-icons.css]
[aviola.netlify.app/img/core-img/shape1.html]
[aviola.netlify.app/img/svg/bg-header1.html]
[aviola.netlify.app/img/bg-img/travel-bg.html]
[aviola.netlify.app/img/svg/diamond-shape.html]
[aviola.netlify.app/img/bg-img/header2.html]
[aviola.netlify.app/img/bg-img/header4.html]
[aviola.netlify.app/img/bg-img/demo-bg.html]
[aviola.netlify.app/img/bg-img/header5.html]
[aviola.netlify.app/img/bg-img/header2-2.html]
[aviola.netlify.app/img/bg-img/ai1.html]
[aviola.netlify.app/img/bg-img/ai2.html]
[aviola.netlify.app/img/bg-img/h-sec.html]
[aviola.netlify.app/img/core-img/demo-before.html]
[aviola.netlify.app/img/svg/bg_hero.html]
[aviola.netlify.app/img/svg/bg_hero1.html]
[aviola.netlify.app/img/svg/bg_hero2.html]
[aviola.netlify.app/img/bg-img/header3.html]
[aviola.netlify.app/img/bg-img/banner-bg.html]
[aviola.netlify.app/img/bg-img/tringle.html]
[aviola.netlify.app/img/bg-img/trans.html]
[aviola.netlify.app/img/core-img/hero-bg.html]
[aviola.netlify.app/img/core-img/robot-1.html]
[aviola.netlify.app/img/core-img/robot-2.html]
[aviola.netlify.app/img/svg/head-bg-1.html]
[aviola.netlify.app/img/bg-img/header-1.html]
[aviola.netlify.app/img/core-img/video-btn-bg.html]
[aviola.netlify.app/img/svg/benefits-bg.html]
[aviola.netlify.app/img/svg/hex-pattern.svg]
[aviola.netlify.app/img/core-img/about-1.html]
[aviola.netlify.app/img/core-img/faq.html]
[aviola.netlify.app/img/core-img/saas4.html]
[aviola.netlify.app/img/core-img/travel.html]
[aviola.netlify.app/img/core-img/pizza-header.html]
[aviola.netlify.app/img/svg/hex-pattern2.svg]
[aviola.netlify.app/css/video/video-frame.html]
[aviola.netlify.app/img/svg/section-bg.html]
[aviola.netlify.app/img/bg-img/section-bg.html]
[aviola.netlify.app/img/bg-img/header6.html]
[aviola.netlify.app/img/bg-img/about-sec.html]
[aviola.netlify.app/img/svg/ai-illustration.html]
[aviola.netlify.app/img/bg-img/bread-bg.html]
[aviola.netlify.app/img/svg/checkmark.svg]
[aviola.netlify.app/img/core-img/wave-shap.html]
[aviola.netlify.app/img/svg/download-bg2.svg]
[aviola.netlify.app/img/svg/download-bg3.svg]
[aviola.netlify.app/img/svg/pdf.html]
[aviola.netlify.app/img/svg/view.html]
[aviola.netlify.app/fonts/classycb9bcb9b.svg]
[aviola.netlify.app/css/img/grey_wash_wall.html]
[aviola.netlify.app/css/img/fog_clouds_png_by_paradise234-d5czivb.html]
[aviola.netlify.app/css/owl.video.play.html]
[aviola.netlify.app/fonts/fontawesome-webfont3e6e3e6e.svg]
[aviola.netlify.app/fonts/ui-iconsdc9c.html]
[aviola.netlify.app/fonts/ui-iconsdc9c-2.html]
[aviola.netlify.app/fonts/ui-iconsdc9c-3.html]
[aviola.netlify.app/fonts/ui-iconsdc9c-4.html]
[aviola.netlify.app/fonts/themify9f249f24.svg]
[aviola.netlify.app/fonts/themify9f249f24.svg]
